Start testing: Aug 07 10:49 UTC
----------------------------------------------------------
1/10 Testing: picogk_api_test
1/10 Test: picogk_api_test
Command: "/workspaces/uhtc-nanodb-/build/picogk_api_test"
Directory: /workspaces/uhtc-nanodb-/build
"picogk_api_test" start time: Aug 07 10:49 UTC
Output:
----------------------------------------------------------
=== PicoGK API Test ===
Library: picogk
Version: 26.2.0
Build: 2026-06-05 21:31:47
PKVector3 sizeof=12
PKBBox3 sizeof=24
PKTriangle sizeof=12
Vec: (1.000000, 2.000000, 3.000000)
Box: min(0.000000,0.000000,0.000000) max(10.000000,10.000000,10.000000)
Tri: 0 1 2
PicoGK API type tests passed.
<end of output>
Test time =   0.01 sec
----------------------------------------------------------
Test Passed.
"picogk_api_test" end time: Aug 07 10:49 UTC
"picogk_api_test" time elapsed: 00:00:00
----------------------------------------------------------

2/10 Testing: voxel_basic_test
2/10 Test: voxel_basic_test
Command: "/workspaces/uhtc-nanodb-/build/voxel_basic_test"
Directory: /workspaces/uhtc-nanodb-/build
"voxel_basic_test" start time: Aug 07 10:49 UTC
Output:
----------------------------------------------------------
=== UHTC-NanoDB Voxel Test ===
[1] PicoGK types... OK
[2] CUDA runtime... NO GPU (expected in codespace)
[3] OpenVDB tools headers... OK
[4] NanoDB CUDA tools headers... OK
[5] Voxel math... grid 64x64x64 = 262144 voxels... OK

All compilation tests passed.
<end of output>
Test time =   0.02 sec
----------------------------------------------------------
Test Passed.
"voxel_basic_test" end time: Aug 07 10:49 UTC
"voxel_basic_test" time elapsed: 00:00:00
----------------------------------------------------------

3/10 Testing: uhtc_voxel_analysis_test
3/10 Test: uhtc_voxel_analysis_test
Command: "/workspaces/uhtc-nanodb-/build/uhtc_voxel_analysis_test"
Directory: /workspaces/uhtc-nanodb-/build
"uhtc_voxel_analysis_test" start time: Aug 07 10:49 UTC
Output:
----------------------------------------------------------
=== UHTC Thermal/Fluid/Nozzle Voxel Tests ===
[1] Transient thermal shock... OK
[2] Supercritical channel / HTD... OK
[3] Aerospike nozzle / SWBLI... OK

All UHTC voxel analysis tests passed.
<end of output>
Test time =   0.01 sec
----------------------------------------------------------
Test Passed.
"uhtc_voxel_analysis_test" end time: Aug 07 10:49 UTC
"uhtc_voxel_analysis_test" time elapsed: 00:00:00
----------------------------------------------------------

4/10 Testing: pnanovdb_portable_test
4/10 Test: pnanovdb_portable_test
Command: "/workspaces/uhtc-nanodb-/build/pnanovdb_portable_test"
Directory: /workspaces/uhtc-nanodb-/build
"pnanovdb_portable_test" start time: Aug 07 10:49 UTC
Output:
----------------------------------------------------------
=== PNanoVDB Portable C/GPU Test ===
Magic readback: 0x304456424e414e4f
PNanoVDB portable C/GPU test passed.
<end of output>
Test time =   0.00 sec
----------------------------------------------------------
Test Passed.
"pnanovdb_portable_test" end time: Aug 07 10:49 UTC
"pnanovdb_portable_test" time elapsed: 00:00:00
----------------------------------------------------------

5/10 Testing: printer_slicer_test
5/10 Test: printer_slicer_test
Command: "/workspaces/uhtc-nanodb-/build/printer_slicer_test"
Directory: /workspaces/uhtc-nanodb-/build
"printer_slicer_test" start time: Aug 07 10:49 UTC
Output:
----------------------------------------------------------
=== Printer Slicer / Output Module Test ===
Printer: EOS M400-4, family=LPBF, material=Inconel/Ti64
Printer: SLM Solutions NXG XII 600, family=LPBF, material=Inconel/Ti64
Printer: Renishaw RenAM 500Q, family=LPBF, material=Inconel/Ti64
Printer: Arcam EBM Q20+, family=EBM, material=Ti64
Printer: DMG Mori Lasertec 4300, family=DED, material=Inconel/Ti64
Printer: Lithoz CeraFab S65, family=Ceramic, material=Ceramic
Material: Inconel 718, density=8190 kg/m3, Tm=1608 K
Material: Ti-6Al-4V, density=4420 kg/m3, Tm=1933 K
Material: ZrB2/TaC, density=6000 kg/m3, Tm=3500 K
Material: Monolithic Weave II, density=5800 kg/m3, Tm=3400 K
Material: Modified Borosilicate, density=2200 kg/m3, Tm=1500 K
Printer: EOS M400-4 (LPBF)
Material: Inconel 718
Layer thickness: 60.0 um
Infill: 100.0%
Supports: Yes
Laser power: 200.0 W
Scan speed: 1000.0 mm/s
SLM NXG XII 600 Ti64: layer=60.0 um, infill=100.0%
STL write: OK
CLI write: OK
Thermal PNanoVDB export: 18 words
Channel PNanoVDB export: 16 words
Aerospike PNanoVDB export: 16 words
Thermal buffer magic: 0x4e414e4f30445642
Printer slicer/output module test passed.
<end of output>
Test time =   0.00 sec
----------------------------------------------------------
Test Passed.
"printer_slicer_test" end time: Aug 07 10:49 UTC
"printer_slicer_test" time elapsed: 00:00:00
----------------------------------------------------------

6/10 Testing: rocket_toolpath_test
6/10 Test: rocket_toolpath_test
Command: "/workspaces/uhtc-nanodb-/build/rocket_toolpath_test"
Directory: /workspaces/uhtc-nanodb-/build
"rocket_toolpath_test" start time: Aug 07 10:49 UTC
Output:
----------------------------------------------------------
=== Rocket Toolpath Generator Test ===
Inconel718/LPBF: P=350W, v=1200mm/s, hatch=0.120mm, layer=40um
Inconel718/EBM: P=200W, v=1000mm/s, hatch=0.100mm, layer=50um
Inconel718/DED: P=1800W, v=800mm/s, hatch=0.300mm, layer=100um
Ti64/LPBF: P=280W, v=1300mm/s, hatch=0.120mm, layer=30um
Ti64/EBM: P=1500W, v=7000mm/s, hatch=0.150mm, layer=50um
Ti64/DED: P=200W, v=1000mm/s, hatch=0.100mm, layer=50um
UHTC/LPBF: P=400W, v=600mm/s, hatch=0.080mm, layer=25um
UHTC/EBM: P=400W, v=600mm/s, hatch=0.080mm, layer=25um
UHTC/DED: P=400W, v=600mm/s, hatch=0.080mm, layer=25um
Monolithic_Weave_II/LPBF: P=380W, v=700mm/s, hatch=0.080mm, layer=30um
Monolithic_Weave_II/EBM: P=380W, v=700mm/s, hatch=0.080mm, layer=30um
Monolithic_Weave_II/DED: P=380W, v=700mm/s, hatch=0.080mm, layer=30um
Ceramic_Borosilicate/LPBF: P=120W, v=1500mm/s, hatch=0.050mm, layer=20um
Ceramic_Borosilicate/EBM: P=120W, v=1500mm/s, hatch=0.050mm, layer=20um
Ceramic_Borosilicate/DED: P=120W, v=1500mm/s, hatch=0.050mm, layer=20um
Rocket Toolpath Generator
Laser power: 350.0 W
Scan speed: 1200.0 mm/s
Hatch spacing: 0.120 mm
Layer thickness: 40.0 um
Strategy: 2
Generated 50 layers
First layer: Z=0.000 mm, 84 scan vectors
G-code write: OK
CLI write: OK
Strategy 0: compiled OK
Strategy 1: compiled OK
Strategy 2: compiled OK
Strategy 3: compiled OK
Strategy 4: compiled OK
Rocket toolpath generator test passed.
<end of output>
Test time =   0.02 sec
----------------------------------------------------------
Test Passed.
"rocket_toolpath_test" end time: Aug 07 10:49 UTC
"rocket_toolpath_test" time elapsed: 00:00:00
----------------------------------------------------------

7/10 Testing: voxel_cuda_test
7/10 Test: voxel_cuda_test
Command: "/workspaces/uhtc-nanodb-/build/voxel_cuda_test"
Directory: /workspaces/uhtc-nanodb-/build
"voxel_cuda_test" start time: Aug 07 10:49 UTC
Output:
----------------------------------------------------------
=== CUDA Voxel Test ===
No CUDA-capable device detected (expected in headless codespace).
CUDA compilation test: PASSED (code compiles, runtime requires GPU)
<end of output>
Test time =   0.02 sec
----------------------------------------------------------
Test Passed.
"voxel_cuda_test" end time: Aug 07 10:49 UTC
"voxel_cuda_test" time elapsed: 00:00:00
----------------------------------------------------------

8/10 Testing: voxel_sdf_cuda_test
8/10 Test: voxel_sdf_cuda_test
Command: "/workspaces/uhtc-nanodb-/build/voxel_sdf_cuda_test"
Directory: /workspaces/uhtc-nanodb-/build
"voxel_sdf_cuda_test" start time: Aug 07 10:49 UTC
Output:
----------------------------------------------------------
=== CUDA Voxel SDF + Material Count Test ===
No CUDA device detected. Skipping runtime test.
Compilation-only mode: PASS
<end of output>
Test time =   0.02 sec
----------------------------------------------------------
Test Passed.
"voxel_sdf_cuda_test" end time: Aug 07 10:49 UTC
"voxel_sdf_cuda_test" time elapsed: 00:00:00
----------------------------------------------------------

9/10 Testing: cuda_thermal_test
9/10 Test: cuda_thermal_test
Command: "/workspaces/uhtc-nanodb-/build/cuda_thermal_test"
Directory: /workspaces/uhtc-nanodb-/build
"cuda_thermal_test" start time: Aug 07 10:49 UTC
Output:
----------------------------------------------------------
CUDA Error [/workspaces/uhtc-nanodb-/nanodb/nanovdb/tools/CudaVoxelTestUtils.h:186] cudaGetDeviceProperties(&prop, device): no CUDA-capable device is detected
=== CUDA Thermal Kernels Exhaustive Test ===
No suitable CUDA device. Skipping.
<end of output>
Test time =   0.02 sec
----------------------------------------------------------
Test Passed.
"cuda_thermal_test" end time: Aug 07 10:49 UTC
"cuda_thermal_test" time elapsed: 00:00:00
----------------------------------------------------------

10/10 Testing: cuda_rocket_test
10/10 Test: cuda_rocket_test
Command: "/workspaces/uhtc-nanodb-/build/cuda_rocket_test"
Directory: /workspaces/uhtc-nanodb-/build
"cuda_rocket_test" start time: Aug 07 10:49 UTC
Output:
----------------------------------------------------------
CUDA Error [/workspaces/uhtc-nanodb-/nanodb/nanovdb/tools/CudaVoxelTestUtils.h:186] cudaGetDeviceProperties(&prop, device): no CUDA-capable device is detected
=== CUDA Rocket Kernels Exhaustive Test ===
No suitable CUDA device. Skipping.
<end of output>
Test time =   0.02 sec
----------------------------------------------------------
Test Passed.
"cuda_rocket_test" end time: Aug 07 10:49 UTC
"cuda_rocket_test" time elapsed: 00:00:00
----------------------------------------------------------

End testing: Aug 07 10:49 UTC
