Start testing: Aug 05 16:05 UTC
----------------------------------------------------------
3/7 Testing: uhtc_voxel_analysis_test
3/7 Test: uhtc_voxel_analysis_test
Command: "/workspaces/uhtc-nanodb-/build/uhtc_voxel_analysis_test"
Directory: /workspaces/uhtc-nanodb-/build
"uhtc_voxel_analysis_test" start time: Aug 05 16:05 UTC
Output:
----------------------------------------------------------
=== UHTC Thermal/Fluid/Nozzle Voxel Tests ===
[1] Transient thermal shock... OK
[2] Supercritical channel / HTD... OK
[3] Aerospike nozzle / SWBLI... OK

All UHTC voxel analysis tests passed.
<end of output>
Test time =   0.00 sec
----------------------------------------------------------
Test Passed.
"uhtc_voxel_analysis_test" end time: Aug 05 16:05 UTC
"uhtc_voxel_analysis_test" time elapsed: 00:00:00
----------------------------------------------------------

End testing: Aug 05 16:05 UTC
