<?xml version="1.0" encoding="UTF-8"?>
<Site BuildName="(empty)"
	BuildStamp="20260805-1549-Experimental"
	Name="(empty)"
	Generator="ctest-3.28.3"
	CompilerName=""
	CompilerVersion=""
	OSName="Linux"
	Hostname="codespaces-cd516f"
	OSRelease="6.8.0-1052-azure"
	OSVersion="#58~22.04.1-Ubuntu SMP Thu Mar 26 05:02:21 UTC 2026"
	OSPlatform="x86_64"
	Is64Bits="1"
	VendorString="AuthenticAMD"
	VendorID="Advanced Micro Devices"
	FamilyID="25"
	ModelID="17"
	ProcessorCacheSize="1024"
	NumberOfLogicalCPU="4"
	NumberOfPhysicalCPU="2"
	TotalVirtualMemory="0"
	TotalPhysicalMemory="15995"
	LogicalProcessorsPerPhysical="2"
	ProcessorClockFrequency="2870.06"
	>
	<Testing>
		<StartDateTime>Aug 05 15:49 UTC</StartDateTime>
		<StartTestTime>1785944949</StartTestTime>
		<TestList/>
		<EndDateTime>Aug 05 15:49 UTC</EndDateTime>
		<EndTestTime>1785944949</EndTestTime>
		<ElapsedMinutes>0</ElapsedMinutes>
	</Testing>
</Site>
